[   13214ms] [ERROR] Failed to load resource: net::ERR_NAME_NOT_RESOLVED @ https://placeholder.supabase.co/auth/v1/token?grant_type=password:0
[   13217ms] [ERROR] TypeError: Failed to fetch
    at http://localhost:3000/_next/static/chunks/node_modules_14dd5489._.js:10248:23
    at _handleRequest (http://localhost:3000/_next/static/chunks/node_modules_14dd5489._.js:10602:24)
    at _request (http://localhost:3000/_next/static/chunks/node_modules_14dd5489._.js:10589:24)
    at SupabaseAuthClient.signInWithPassword (http://localhost:3000/_next/static/chunks/node_modules_14dd5489._.js:12930:219)
    at handleLogin (http://localhost:3000/_next/static/chunks/src_0390a44f._.js:47:183)
    at executeDispatch (http://localhost:3000/_next/static/chunks/node_modules_next_dist_compiled_react-dom_1e674e59._.js:10314:13)
    at runWithFiberInDEV (http://localhost:3000/_next/static/chunks/node_modules_next_dist_compiled_react-dom_1e674e59._.js:965:74)
    at processDispatchQueue (http://localhost:3000/_next/static/chunks/node_modules_next_dist_compiled_react-dom_1e674e59._.js:10340:41)
    at http://localhost:3000/_next/static/chunks/node_modules_next_dist_compiled_react-dom_1e674e59._.js:10615:13
    at batchedUpdates$1 (http://localhost:3000/_next/static/chunks/node_modules_next_dist_compiled_react-dom_1e674e59._.js:2253:44)
    at dispatchEventForPluginEventSystem (http://localhost:3000/_next/static/chunks/node_modules_next_dist_compiled_react-dom_1e674e59._.js:10416:9)
    at dispatchEvent (http://localhost:3000/_next/static/chunks/node_modules_next_dist_compiled_react-dom_1e674e59._.js:12935:37)
    at dispatchDiscreteEvent (http://localhost:3000/_next/static/chunks/node_modules_next_dist_compiled_react-dom_1e674e59._.js:12917:64) @ http://localhost:3000/_next/static/chunks/node_modules_next_dist_f3530cac._.js:3127
[   50717ms] [ERROR] WebSocket connection to 'ws://localhost:3000/_next/webpack-hmr?id=2_WrB6xf9Ekm0AIcULUtN' failed: Error in connection establishment: net::ERR_CONNECTION_REFUSED @ http://localhost:3000/_next/static/chunks/node_modules_next_dist_client_17643121._.js:10878
[   51720ms] [ERROR] WebSocket connection to 'ws://localhost:3000/_next/webpack-hmr?id=2_WrB6xf9Ekm0AIcULUtN' failed: Error in connection establishment: net::ERR_CONNECTION_REFUSED @ http://localhost:3000/_next/static/chunks/node_modules_next_dist_client_17643121._.js:10878
[   53893ms] [ERROR] WebSocket connection to 'ws://localhost:3000/_next/webpack-hmr?id=2_WrB6xf9Ekm0AIcULUtN' failed: Error in connection establishment: net::ERR_CONNECTION_REFUSED @ http://localhost:3000/_next/static/chunks/node_modules_next_dist_client_17643121._.js:10878
[   54902ms] [ERROR] WebSocket connection to 'ws://localhost:3000/_next/webpack-hmr?id=2_WrB6xf9Ekm0AIcULUtN' failed: Error in connection establishment: net::ERR_CONNECTION_REFUSED @ http://localhost:3000/_next/static/chunks/node_modules_next_dist_client_17643121._.js:10878
[   55904ms] [ERROR] WebSocket connection to 'ws://localhost:3000/_next/webpack-hmr?id=2_WrB6xf9Ekm0AIcULUtN' failed: Error in connection establishment: net::ERR_CONNECTION_REFUSED @ http://localhost:3000/_next/static/chunks/node_modules_next_dist_client_17643121._.js:10878
